{
  message: 'GET / 304 - - 3.273 ms\n',
  level: 'info',
  timestamp: '2025-05-30T08:51:24.364Z'
}
{
  message: 'GET /favicon.ico 404 150 - 2.496 ms\n',
  level: 'info',
  timestamp: '2025-05-30T08:51:24.425Z'
}
{
  message: 'POST /api/v1//signup 404 154 - 0.938 ms\n',
  level: 'info',
  timestamp: '2025-05-30T08:55:03.083Z'
}
{
  message: 'POST /api/v1/signup 404 153 - 0.280 ms\n',
  level: 'info',
  timestamp: '2025-05-30T08:55:35.557Z'
}
{
  message: 'POST /api/v1/signup 404 153 - 3.091 ms\n',
  level: 'info',
  timestamp: '2025-05-30T08:56:26.240Z'
}
{
  message: 'POST /api/v1/user/signup 201 143 - 174.552 ms\n',
  level: 'info',
  timestamp: '2025-05-30T08:56:59.859Z'
}
{
  message: 'POST /api/v1/user/sigin 404 157 - 0.410 ms\n',
  level: 'info',
  timestamp: '2025-05-30T08:58:49.515Z'
}
{
  message: 'POST /api/v1/user/sigin 404 157 - 2.353 ms\n',
  level: 'info',
  timestamp: '2025-05-30T08:59:34.440Z'
}
{
  message: 'POST /api/v1/user/signin 200 103 - 174.909 ms\n',
  level: 'info',
  timestamp: '2025-05-30T09:01:22.672Z'
}
{
  message: 'POST /api/v1/test 404 151 - 1.038 ms\n',
  level: 'info',
  timestamp: '2025-05-30T09:02:18.283Z'
}
{
  message: 'GET /api/v1/test 200 25 - 4.044 ms\n',
  level: 'info',
  timestamp: '2025-05-30T09:02:31.108Z'
}
{
  message: 'GET /api/v1/user/signout 200 49 - 1.556 ms\n',
  level: 'info',
  timestamp: '2025-05-30T09:02:57.096Z'
}
{
  message: 'GET /api/v1/test 401 51 - 5.044 ms\n',
  level: 'info',
  timestamp: '2025-05-30T09:03:09.324Z'
}
{
  message: 'POST /api/v1/user/signup 400 32 - 151.910 ms\n',
  level: 'info',
  timestamp: '2025-05-30T09:07:07.489Z'
}
{
  message: 'POST /api/v1/user/signin 200 103 - 172.446 ms\n',
  level: 'info',
  timestamp: '2025-05-30T09:07:27.493Z'
}
{
  message: 'GET /api/v1/user/signout 200 49 - 1.098 ms\n',
  level: 'info',
  timestamp: '2025-05-30T09:08:11.953Z'
}
{
  message: 'GET /api/v1/user/signout 401 51 - 3.449 ms\n',
  level: 'info',
  timestamp: '2025-05-30T09:08:15.031Z'
}
{
  message: 'POST /api/v1/user/signup 201 141 - 238.105 ms\n',
  level: 'info',
  timestamp: '2025-05-30T09:09:07.741Z'
}
{
  message: 'POST /api/v1/user/signup 400 32 - 143.032 ms\n',
  level: 'info',
  timestamp: '2025-05-30T09:10:06.481Z'
}
{
  message: 'POST /api/v1/user/signin 200 103 - 138.371 ms\n',
  level: 'info',
  timestamp: '2025-05-30T09:11:05.881Z'
}
{
  message: 'GET /api/v1/user/signout 200 49 - 1.582 ms\n',
  level: 'info',
  timestamp: '2025-05-30T09:12:15.982Z'
}
{
  message: 'GET /api/v1/test 401 51 - 2.238 ms\n',
  level: 'info',
  timestamp: '2025-05-30T09:16:08.007Z'
}
{
  message: 'POST /api/v1/staff 201 211 - 66.974 ms\n',
  level: 'info',
  timestamp: '2025-05-30T10:03:14.308Z'
}
{
  message: 'GET /api/v1/user/signout 401 51 - 1.849 ms\n',
  level: 'info',
  timestamp: '2025-05-30T10:03:43.552Z'
}
{
  message: 'POST /api/v1/staff 401 51 - 4.408 ms\n',
  level: 'info',
  timestamp: '2025-05-30T10:10:23.535Z'
}
{
  message: 'POST /api/v1/user/signin 200 103 - 281.855 ms\n',
  level: 'info',
  timestamp: '2025-05-30T10:10:30.014Z'
}
{
  message: 'POST /api/v1/staff 201 213 - 56.685 ms\n',
  level: 'info',
  timestamp: '2025-05-30T10:10:34.374Z'
}
{
  message: 'POST /api/v1/staff 201 214 - 38.360 ms\n',
  level: 'info',
  timestamp: '2025-05-30T10:11:06.037Z'
}
{
  message: 'POST /api/v1/staff 201 208 - 36.901 ms\n',
  level: 'info',
  timestamp: '2025-05-30T10:11:20.823Z'
}
{
  message: 'POST /api/v1/staff 201 213 - 56.098 ms\n',
  level: 'info',
  timestamp: '2025-05-30T10:11:43.213Z'
}
{
  message: 'GET /api/v1/staff 200 1065 - 36.676 ms\n',
  level: 'info',
  timestamp: '2025-05-30T10:12:14.467Z'
}
